2023-02-01T13:44:05.672+01:00  INFO 18861 --- [main] c.e.s.SquareGamesSpringApplication       : Starting SquareGamesSpringApplication using Java 19.0.2 with PID 18861 (/home/theob/Documents/projects/spring/squareGamesProject/squareGamesSpring/target/classes started by theob in /home/theob/Documents/projects/spring/squareGamesProject/squareGamesSpring)
2023-02-01T13:44:05.673+01:00  INFO 18861 --- [main] c.e.s.SquareGamesSpringApplication       : No active profile set, falling back to 1 default profile: "default"
2023-02-01T13:44:05.992+01:00  INFO 18861 --- [main] .s.d.r.c.RepositoryConfigurationDelegate : Bootstrapping Spring Data JPA repositories in DEFAULT mode.
2023-02-01T13:44:06.024+01:00  INFO 18861 --- [main] .s.d.r.c.RepositoryConfigurationDelegate : Finished Spring Data repository scanning in 27 ms. Found 2 JPA repository interfaces.
2023-02-01T13:44:06.280+01:00  INFO 18861 --- [main] o.s.b.w.embedded.tomcat.TomcatWebServer  : Tomcat initialized with port(s): 8081 (http)
2023-02-01T13:44:06.285+01:00  INFO 18861 --- [main] o.apache.catalina.core.StandardService   : Starting service [Tomcat]
2023-02-01T13:44:06.285+01:00  INFO 18861 --- [main] o.apache.catalina.core.StandardEngine    : Starting Servlet engine: [Apache Tomcat/10.1.4]
2023-02-01T13:44:06.323+01:00  INFO 18861 --- [main] o.a.c.c.C.[Tomcat].[localhost].[/]       : Initializing Spring embedded WebApplicationContext
2023-02-01T13:44:06.323+01:00  INFO 18861 --- [main] w.s.c.ServletWebServerApplicationContext : Root WebApplicationContext: initialization completed in 620 ms
2023-02-01T13:44:06.568+01:00  INFO 18861 --- [main] com.zaxxer.hikari.HikariDataSource       : HikariPool-1 - Starting...
2023-02-01T13:44:06.731+01:00  INFO 18861 --- [main] com.zaxxer.hikari.pool.HikariPool        : HikariPool-1 - Added connection com.mysql.cj.jdbc.ConnectionImpl@18e6b72b
2023-02-01T13:44:06.732+01:00  INFO 18861 --- [main] com.zaxxer.hikari.HikariDataSource       : HikariPool-1 - Start completed.
2023-02-01T13:44:06.765+01:00  INFO 18861 --- [main] SQL dialect                              : HHH000400: Using dialect: org.hibernate.dialect.MySQLDialect
2023-02-01T13:44:07.223+01:00  INFO 18861 --- [main] j.LocalContainerEntityManagerFactoryBean : Initialized JPA EntityManagerFactory for persistence unit 'default'
2023-02-01T13:44:07.353+01:00  WARN 18861 --- [main] JpaBaseConfiguration$JpaWebConfiguration : spring.jpa.open-in-view is enabled by default. Therefore, database queries may be performed during view rendering. Explicitly configure spring.jpa.open-in-view to disable this warning
2023-02-01T13:44:07.405+01:00 DEBUG 18861 --- [main] s.w.s.m.m.a.RequestMappingHandlerAdapter : ControllerAdvice beans: 0 @ModelAttribute, 0 @InitBinder, 1 RequestBodyAdvice, 1 ResponseBodyAdvice
2023-02-01T13:44:07.447+01:00 DEBUG 18861 --- [main] s.w.s.m.m.a.RequestMappingHandlerMapping : 13 mappings in 'requestMappingHandlerMapping'
2023-02-01T13:44:07.471+01:00 DEBUG 18861 --- [main] o.s.w.s.handler.SimpleUrlHandlerMapping  : Patterns [/webjars/**, /**] in 'resourceHandlerMapping'
2023-02-01T13:44:07.482+01:00 DEBUG 18861 --- [main] .m.m.a.ExceptionHandlerExceptionResolver : ControllerAdvice beans: 0 @ExceptionHandler, 1 ResponseBodyAdvice
2023-02-01T13:44:07.540+01:00  INFO 18861 --- [main] o.s.b.w.embedded.tomcat.TomcatWebServer  : Tomcat started on port(s): 8081 (http) with context path ''
2023-02-01T13:44:07.545+01:00  INFO 18861 --- [main] c.e.s.SquareGamesSpringApplication       : Started SquareGamesSpringApplication in 2.08 seconds (process running for 2.585)
2023-02-01T13:49:39.991+01:00  INFO 18861 --- [SpringApplicationShutdownHook] j.LocalContainerEntityManagerFactoryBean : Closing JPA EntityManagerFactory for persistence unit 'default'
2023-02-01T13:49:39.993+01:00  INFO 18861 --- [SpringApplicationShutdownHook] com.zaxxer.hikari.HikariDataSource       : HikariPool-1 - Shutdown initiated...
2023-02-01T13:49:39.996+01:00  INFO 18861 --- [SpringApplicationShutdownHook] com.zaxxer.hikari.HikariDataSource       : HikariPool-1 - Shutdown completed.
